<?xml version='1.0' encoding='UTF-8'?>
<testsuite hostname="johnny-B250M-HD3" name="MongoTest" tests="1" errors="0" failures="1" skipped="0" time="1.294" timestamp="2020-05-24T23:19:25">
                     <properties>
[...]
</properties>
                     <testcase classname="MongoTest" name="should create transaction" time="1.294">
                                                 <failure message="CommandError[code=251, errmsg=Given transaction number 1 does not match any in-progress transactions. The active transaction number is -1, doc: {
  &quot;errorLabels&quot;: [
    &quot;TransientTransactionError&quot;
  ],
  &quot;operationTime&quot;: Timestamp(1590340759, 2),
  &quot;ok&quot;: 0.0,
  &quot;errmsg&quot;: &quot;Given transaction number 1 does not match any in-progress transactions. The active transaction number is -1&quot;,
  &quot;code&quot;: 251,
  &quot;codeName&quot;: &quot;NoSuchTransaction&quot;,
  &quot;$clusterTime&quot;: {
    &quot;clusterTime&quot;: Timestamp(1590340759, 2),
    &quot;signature&quot;: {
      &quot;hash&quot;: BSONBinary(GenericBinarySubtype, size = 20),
      &quot;keyId&quot;: NumberLong(6778831253614362625)
    }
  }
}]" type="reactivemongo.api.commands.CommandError$DefaultCommandError">reactivemongo.api.commands.CommandError$DefaultCommandError: CommandError[code=251, errmsg=Given transaction number 1 does not match any in-progress transactions. The active transaction number is -1, doc: {
  &quot;errorLabels&quot;: [
    &quot;TransientTransactionError&quot;
  ],
  &quot;operationTime&quot;: Timestamp(1590340759, 2),
  &quot;ok&quot;: 0.0,
  &quot;errmsg&quot;: &quot;Given transaction number 1 does not match any in-progress transactions. The active transaction number is -1&quot;,
  &quot;code&quot;: 251,
  &quot;codeName&quot;: &quot;NoSuchTransaction&quot;,
  &quot;$clusterTime&quot;: {
    &quot;clusterTime&quot;: Timestamp(1590340759, 2),
    &quot;signature&quot;: {
      &quot;hash&quot;: BSONBinary(GenericBinarySubtype, size = 20),
      &quot;keyId&quot;: NumberLong(6778831253614362625)
    }
  }
}]
</failure>
                                               </testcase>
                     <system-out><![CDATA[]]></system-out>
                     <system-err><![CDATA[]]></system-err>
                   </testsuite>